09:19:19 [DEBUG] (1) svls: start
09:19:19 [DEBUG] (1) svls::backend: root_uri: Some(Url { scheme: "file", host: None, port: None, path: "/home/hatta/work/repos/svls", query: None, fragment: None })
09:19:19 [DEBUG] (1) svls::backend: config_svls: None
09:19:19 [DEBUG] (1) svls::backend: config_svlint: None
09:19:19 [DEBUG] (1) svls::backend: ".svlint.toml is not found. Enable all lint rules."
09:19:19 [INFO] language server initialized
09:19:19 [DEBUG] (1) svls::backend: did_open
09:19:19 [DEBUG] (1) svls::backend: include_paths: []
09:19:19 [DEBUG] (1) svls::backend: defines: {}
09:19:19 [DEBUG] (1) svls::backend: did_change
09:19:19 [DEBUG] (1) svls::backend: include_paths: []
09:19:19 [DEBUG] (1) svls::backend: defines: {}
09:19:19 [DEBUG] (1) svls::backend: parse_error: Parse(None)
09:19:19 [ERROR] Got a textDocument/completion request, but it is not implemented
09:19:19 [DEBUG] (1) svls::backend: did_change
09:19:19 [DEBUG] (1) svls::backend: include_paths: []
09:19:19 [DEBUG] (1) svls::backend: defines: {}
09:19:19 [DEBUG] (1) svls::backend: parse_error: Parse(None)
09:19:19 [ERROR] Got a textDocument/completion request, but it is not implemented
09:19:19 [DEBUG] (1) svls::backend: did_change
09:19:19 [DEBUG] (1) svls::backend: include_paths: []
09:19:19 [DEBUG] (1) svls::backend: defines: {}
09:19:19 [DEBUG] (1) svls::backend: parse_error: Parse(None)
09:19:19 [ERROR] Got a textDocument/completion request, but it is not implemented
09:19:19 [DEBUG] (1) svls::backend: did_change
09:19:19 [DEBUG] (1) svls::backend: include_paths: []
09:19:19 [DEBUG] (1) svls::backend: defines: {}
09:19:19 [DEBUG] (1) svls::backend: parse_error: Parse(None)
09:19:19 [ERROR] Got a textDocument/completion request, but it is not implemented
09:19:20 [DEBUG] (1) svls::backend: did_change
09:19:20 [DEBUG] (1) svls::backend: include_paths: []
09:19:20 [DEBUG] (1) svls::backend: defines: {}
09:19:20 [DEBUG] (1) svls::backend: parse_error: Parse(None)
09:19:20 [ERROR] Got a textDocument/completion request, but it is not implemented
09:19:20 [DEBUG] (1) svls::backend: did_change
09:19:20 [DEBUG] (1) svls::backend: include_paths: []
09:19:20 [DEBUG] (1) svls::backend: defines: {}
09:19:20 [DEBUG] (1) svls::backend: parse_error: Parse(None)
09:19:20 [ERROR] Got a textDocument/completion request, but it is not implemented
09:19:20 [DEBUG] (1) svls::backend: did_change
09:19:20 [DEBUG] (1) svls::backend: include_paths: []
09:19:20 [DEBUG] (1) svls::backend: defines: {}
09:19:20 [DEBUG] (1) svls::backend: parse_error: Parse(None)
09:19:20 [DEBUG] (1) svls::backend: did_change
09:19:20 [DEBUG] (1) svls::backend: include_paths: []
09:19:20 [DEBUG] (1) svls::backend: defines: {}
09:19:20 [DEBUG] (1) svls::backend: parse_error: Parse(None)
09:19:20 [ERROR] Got a textDocument/completion request, but it is not implemented
09:19:20 [DEBUG] (1) svls::backend: did_change
09:19:20 [DEBUG] (1) svls::backend: include_paths: []
09:19:20 [DEBUG] (1) svls::backend: defines: {}
09:19:20 [DEBUG] (1) svls::backend: parse_error: Parse(None)
09:19:20 [DEBUG] (1) svls::backend: did_change
09:19:20 [DEBUG] (1) svls::backend: include_paths: []
09:19:20 [DEBUG] (1) svls::backend: defines: {}
09:19:20 [DEBUG] (1) svls::backend: parse_error: Parse(None)
09:19:21 [DEBUG] (1) svls::backend: did_change
09:19:21 [DEBUG] (1) svls::backend: include_paths: []
09:19:21 [DEBUG] (1) svls::backend: defines: {}
09:19:21 [DEBUG] (1) svls::backend: parse_error: Parse(None)
09:19:21 [DEBUG] (1) svls::backend: did_change
09:19:21 [DEBUG] (1) svls::backend: include_paths: []
09:19:21 [DEBUG] (1) svls::backend: defines: {}
09:19:21 [DEBUG] (1) svls::backend: parse_error: Parse(Some(("", 12)))
09:19:21 [ERROR] Got a textDocument/completion request, but it is not implemented
09:19:21 [DEBUG] (1) svls::backend: did_change
09:19:21 [DEBUG] (1) svls::backend: include_paths: []
09:19:21 [DEBUG] (1) svls::backend: defines: {}
09:19:21 [DEBUG] (1) svls::backend: parse_error: Parse(Some(("", 12)))
09:19:21 [ERROR] Got a textDocument/completion request, but it is not implemented
09:19:21 [DEBUG] (1) svls::backend: did_change
09:19:21 [DEBUG] (1) svls::backend: include_paths: []
09:19:21 [DEBUG] (1) svls::backend: defines: {}
09:19:21 [DEBUG] (1) svls::backend: parse_error: Parse(Some(("", 12)))
09:19:21 [ERROR] Got a textDocument/completion request, but it is not implemented
09:19:21 [DEBUG] (1) svls::backend: did_change
09:19:21 [DEBUG] (1) svls::backend: include_paths: []
09:19:21 [DEBUG] (1) svls::backend: defines: {}
09:19:21 [DEBUG] (1) svls::backend: parse_error: Parse(Some(("", 12)))
09:19:21 [ERROR] Got a textDocument/completion request, but it is not implemented
09:19:21 [DEBUG] (1) svls::backend: did_change
09:19:21 [DEBUG] (1) svls::backend: include_paths: []
09:19:21 [DEBUG] (1) svls::backend: defines: {}
09:19:21 [DEBUG] (1) svls::backend: parse_error: Parse(Some(("", 12)))
09:19:21 [ERROR] Got a textDocument/completion request, but it is not implemented
09:19:22 [DEBUG] (1) svls::backend: did_change
09:19:22 [DEBUG] (1) svls::backend: include_paths: []
09:19:22 [DEBUG] (1) svls::backend: defines: {}
09:19:22 [DEBUG] (1) svls::backend: parse_error: Parse(Some(("", 12)))
09:19:22 [ERROR] Got a textDocument/completion request, but it is not implemented
09:19:22 [DEBUG] (1) svls::backend: did_change
09:19:22 [DEBUG] (1) svls::backend: include_paths: []
09:19:22 [DEBUG] (1) svls::backend: defines: {}
09:19:22 [DEBUG] (1) svls::backend: parse_error: Parse(Some(("", 12)))
09:19:22 [ERROR] Got a textDocument/completion request, but it is not implemented
09:19:22 [DEBUG] (1) svls::backend: did_change
09:19:22 [DEBUG] (1) svls::backend: include_paths: []
09:19:22 [DEBUG] (1) svls::backend: defines: {}
09:19:22 [DEBUG] (1) svls::backend: parse_error: Parse(Some(("", 12)))
09:19:22 [ERROR] Got a textDocument/completion request, but it is not implemented
09:19:22 [DEBUG] (1) svls::backend: did_change
09:19:22 [DEBUG] (1) svls::backend: include_paths: []
09:19:22 [DEBUG] (1) svls::backend: defines: {}
09:19:22 [DEBUG] (1) svls::backend: LintFailed { path: "", beg: 0, len: 6, name: "non_ansi_module", hint: "module declaration must be ANSI-style", reason: "non-ANSI-style has duplicated port declaration" }
09:19:22 [ERROR] Got a textDocument/completion request, but it is not implemented
09:19:23 [DEBUG] (1) svls::backend: did_change
09:19:23 [DEBUG] (1) svls::backend: include_paths: []
09:19:23 [DEBUG] (1) svls::backend: defines: {}
09:19:23 [DEBUG] (1) svls::backend: LintFailed { path: "", beg: 0, len: 6, name: "non_ansi_module", hint: "module declaration must be ANSI-style", reason: "non-ANSI-style has duplicated port declaration" }
09:19:23 [DEBUG] (1) svls::backend: did_change
09:19:23 [DEBUG] (1) svls::backend: include_paths: []
09:19:23 [DEBUG] (1) svls::backend: defines: {}
09:19:23 [DEBUG] (1) svls::backend: parse_error: Parse(Some(("", 12)))
09:19:24 [ERROR] Got a textDocument/completion request, but it is not implemented
09:19:24 [DEBUG] (1) svls::backend: did_change
09:19:24 [DEBUG] (1) svls::backend: include_paths: []
09:19:24 [DEBUG] (1) svls::backend: defines: {}
09:19:24 [DEBUG] (1) svls::backend: parse_error: Parse(Some(("", 12)))
09:19:24 [ERROR] Got a textDocument/completion request, but it is not implemented
09:19:24 [DEBUG] (1) svls::backend: did_change
09:19:24 [DEBUG] (1) svls::backend: include_paths: []
09:19:24 [DEBUG] (1) svls::backend: defines: {}
09:19:24 [DEBUG] (1) svls::backend: parse_error: Parse(Some(("", 12)))
09:19:24 [ERROR] Got a textDocument/completion request, but it is not implemented
09:19:24 [DEBUG] (1) svls::backend: did_change
09:19:24 [DEBUG] (1) svls::backend: include_paths: []
09:19:24 [DEBUG] (1) svls::backend: defines: {}
09:19:24 [DEBUG] (1) svls::backend: parse_error: Parse(Some(("", 12)))
09:19:24 [ERROR] Got a textDocument/completion request, but it is not implemented
09:19:24 [DEBUG] (1) svls::backend: did_change
09:19:24 [DEBUG] (1) svls::backend: include_paths: []
09:19:24 [DEBUG] (1) svls::backend: defines: {}
09:19:24 [DEBUG] (1) svls::backend: parse_error: Parse(Some(("", 12)))
09:19:24 [ERROR] Got a textDocument/completion request, but it is not implemented
09:19:25 [DEBUG] (1) svls::backend: did_change
09:19:25 [DEBUG] (1) svls::backend: include_paths: []
09:19:25 [DEBUG] (1) svls::backend: defines: {}
09:19:25 [DEBUG] (1) svls::backend: parse_error: Parse(Some(("", 12)))
09:19:25 [ERROR] Got a textDocument/completion request, but it is not implemented
09:19:25 [DEBUG] (1) svls::backend: did_change
09:19:25 [DEBUG] (1) svls::backend: include_paths: []
09:19:25 [DEBUG] (1) svls::backend: defines: {}
09:19:25 [DEBUG] (1) svls::backend: parse_error: Parse(Some(("", 12)))
09:19:25 [ERROR] Got a textDocument/completion request, but it is not implemented
09:19:25 [DEBUG] (1) svls::backend: did_change
09:19:25 [DEBUG] (1) svls::backend: include_paths: []
09:19:25 [DEBUG] (1) svls::backend: defines: {}
09:19:25 [DEBUG] (1) svls::backend: parse_error: Parse(Some(("", 12)))
09:19:25 [ERROR] Got a textDocument/completion request, but it is not implemented
09:19:26 [DEBUG] (1) svls::backend: did_change
09:19:26 [DEBUG] (1) svls::backend: include_paths: []
09:19:26 [DEBUG] (1) svls::backend: defines: {}
09:19:26 [DEBUG] (1) svls::backend: parse_error: Parse(Some(("", 12)))
09:19:26 [ERROR] Got a textDocument/completion request, but it is not implemented
09:19:26 [DEBUG] (1) svls::backend: did_change
09:19:26 [DEBUG] (1) svls::backend: include_paths: []
09:19:26 [DEBUG] (1) svls::backend: defines: {}
09:19:26 [DEBUG] (1) svls::backend: parse_error: Parse(Some(("", 12)))
09:19:26 [ERROR] Got a textDocument/completion request, but it is not implemented
09:19:26 [DEBUG] (1) svls::backend: did_change
09:19:26 [DEBUG] (1) svls::backend: include_paths: []
09:19:26 [DEBUG] (1) svls::backend: defines: {}
09:19:26 [DEBUG] (1) svls::backend: parse_error: Parse(Some(("", 12)))
09:19:26 [ERROR] Got a textDocument/completion request, but it is not implemented
09:19:26 [DEBUG] (1) svls::backend: did_change
09:19:26 [DEBUG] (1) svls::backend: include_paths: []
09:19:26 [DEBUG] (1) svls::backend: defines: {}
09:19:26 [DEBUG] (1) svls::backend: parse_error: Parse(Some(("", 12)))
09:19:26 [ERROR] Got a textDocument/completion request, but it is not implemented
09:19:26 [DEBUG] (1) svls::backend: did_change
09:19:26 [DEBUG] (1) svls::backend: include_paths: []
09:19:26 [DEBUG] (1) svls::backend: defines: {}
09:19:26 [DEBUG] (1) svls::backend: parse_error: Parse(Some(("", 12)))
09:19:26 [ERROR] Got a textDocument/completion request, but it is not implemented
09:19:26 [DEBUG] (1) svls::backend: did_change
09:19:26 [DEBUG] (1) svls::backend: include_paths: []
09:19:26 [DEBUG] (1) svls::backend: defines: {}
09:19:26 [DEBUG] (1) svls::backend: parse_error: Parse(Some(("", 12)))
09:19:27 [DEBUG] (1) svls::backend: did_change
09:19:27 [DEBUG] (1) svls::backend: include_paths: []
09:19:27 [DEBUG] (1) svls::backend: defines: {}
09:19:27 [DEBUG] (1) svls::backend: parse_error: Parse(Some(("", 12)))
09:19:27 [ERROR] Got a textDocument/completion request, but it is not implemented
09:19:27 [DEBUG] (1) svls::backend: did_change
09:19:27 [DEBUG] (1) svls::backend: include_paths: []
09:19:27 [DEBUG] (1) svls::backend: defines: {}
09:19:27 [DEBUG] (1) svls::backend: parse_error: Parse(Some(("", 12)))
09:19:27 [DEBUG] (1) svls::backend: did_change
09:19:27 [DEBUG] (1) svls::backend: include_paths: []
09:19:27 [DEBUG] (1) svls::backend: defines: {}
09:19:27 [DEBUG] (1) svls::backend: parse_error: Parse(Some(("", 12)))
09:19:27 [DEBUG] (1) svls::backend: did_change
09:19:27 [DEBUG] (1) svls::backend: include_paths: []
09:19:27 [DEBUG] (1) svls::backend: defines: {}
09:19:27 [DEBUG] (1) svls::backend: parse_error: Parse(Some(("", 12)))
09:19:28 [DEBUG] (1) svls::backend: did_change
09:19:28 [DEBUG] (1) svls::backend: include_paths: []
09:19:28 [DEBUG] (1) svls::backend: defines: {}
09:19:28 [DEBUG] (1) svls::backend: parse_error: Parse(Some(("", 12)))
09:19:28 [DEBUG] (1) svls::backend: did_change
09:19:28 [DEBUG] (1) svls::backend: include_paths: []
09:19:28 [DEBUG] (1) svls::backend: defines: {}
09:19:28 [DEBUG] (1) svls::backend: parse_error: Parse(Some(("", 12)))
09:19:28 [DEBUG] (1) svls::backend: did_change
09:19:28 [DEBUG] (1) svls::backend: include_paths: []
09:19:28 [DEBUG] (1) svls::backend: defines: {}
09:19:28 [DEBUG] (1) svls::backend: parse_error: Parse(Some(("", 12)))
09:19:29 [DEBUG] (1) svls::backend: did_change
09:19:29 [DEBUG] (1) svls::backend: include_paths: []
09:19:29 [DEBUG] (1) svls::backend: defines: {}
09:19:29 [DEBUG] (1) svls::backend: parse_error: Parse(Some(("", 12)))
09:19:29 [DEBUG] (1) svls::backend: did_change
09:19:29 [DEBUG] (1) svls::backend: include_paths: []
09:19:29 [DEBUG] (1) svls::backend: defines: {}
09:19:29 [DEBUG] (1) svls::backend: parse_error: Parse(Some(("", 12)))
09:19:29 [DEBUG] (1) svls::backend: did_change
09:19:29 [DEBUG] (1) svls::backend: include_paths: []
09:19:29 [DEBUG] (1) svls::backend: defines: {}
09:19:29 [DEBUG] (1) svls::backend: parse_error: Parse(Some(("", 12)))
09:19:30 [DEBUG] (1) svls::backend: did_change
09:19:30 [DEBUG] (1) svls::backend: include_paths: []
09:19:30 [DEBUG] (1) svls::backend: defines: {}
09:19:30 [DEBUG] (1) svls::backend: parse_error: Parse(Some(("", 12)))
09:19:30 [DEBUG] (1) svls::backend: did_change
09:19:30 [DEBUG] (1) svls::backend: include_paths: []
09:19:30 [DEBUG] (1) svls::backend: defines: {}
09:19:30 [DEBUG] (1) svls::backend: LintFailed { path: "", beg: 0, len: 6, name: "non_ansi_module", hint: "module declaration must be ANSI-style", reason: "non-ANSI-style has duplicated port declaration" }
09:19:31 [DEBUG] (1) svls::backend: did_change
09:19:31 [DEBUG] (1) svls::backend: include_paths: []
09:19:31 [DEBUG] (1) svls::backend: defines: {}
09:19:31 [DEBUG] (1) svls::backend: parse_error: Parse(Some(("", 12)))
09:19:33 [DEBUG] (1) svls::backend: did_change
09:19:33 [DEBUG] (1) svls::backend: include_paths: []
09:19:33 [DEBUG] (1) svls::backend: defines: {}
09:19:33 [DEBUG] (1) svls::backend: LintFailed { path: "", beg: 0, len: 6, name: "non_ansi_module", hint: "module declaration must be ANSI-style", reason: "non-ANSI-style has duplicated port declaration" }
